0 info it worked if it ends with ok
1 verbose cli [ 'C:\\Program Files\\nodejs\\node.exe',
1 verbose cli   'C:\\Users\\Administrator\\AppData\\Roaming\\npm\\node_modules\\npm\\bin\\npm-cli.js',
1 verbose cli   'run',
1 verbose cli   'start' ]
2 info using npm@4.0.5
3 info using node@v8.1.3
4 verbose run-script [ 'prestart', 'start', 'poststart' ]
5 info lifecycle test@1.0.0~prestart: test@1.0.0
6 silly lifecycle test@1.0.0~prestart: no script for prestart, continuing
7 info lifecycle test@1.0.0~start: test@1.0.0
8 verbose lifecycle test@1.0.0~start: unsafe-perm in lifecycle true
9 verbose lifecycle test@1.0.0~start: PATH: C:\Users\Administrator\AppData\Roaming\npm\node_modules\npm\bin\node-gyp-bin;D:\leon-front\practice\frontBuild\node_modules\.bin;D:\Git\mingw64\bin;D:\Git\usr\bin;C:\Users\Administrator\bin;C:\Program Files (x86)\NVIDIA Corporation\PhysX\Common;C:\ProgramData\Oracle\Java\javapath;C:\WINDOWS\system32;C:\WINDOWS;C:\WINDOWS\System32\Wbem;C:\WINDOWS\System32\WindowsPowerShell\v1.0;C:\Program Files (x86)\Java\jdk1.8.0_91\bin;C:\Users\Administrator\AppData\Local\Android\sdk\tools;C:\Program Files\nodejs;D:\vscode\Microsoft VS Code\bin;C:\Users\Administrator\AppData\Local\atom\bin;C:\Users\Administrator\AppData\Roaming\npm
10 verbose lifecycle test@1.0.0~start: CWD: D:\leon-front\practice\frontBuild
11 silly lifecycle test@1.0.0~start: Args: [ '/d /s /c', 'webpack-dev-server --open' ]
12 verbose stack Error: kill ENOSYS
12 verbose stack     at exports._errnoException (util.js:1022:11)
12 verbose stack     at process.kill (internal/process.js:181:13)
12 verbose stack     at process.listener (C:\Users\Administrator\AppData\Roaming\npm\node_modules\npm\node_modules\npmlog\node_modules\gauge\node_modules\signal-exit\index.js:86:15)
12 verbose stack     at emitNone (events.js:110:20)
12 verbose stack     at process.emit (events.js:207:7)
12 verbose stack     at processEmit (C:\Users\Administrator\AppData\Roaming\npm\node_modules\npm\node_modules\npmlog\node_modules\gauge\node_modules\signal-exit\index.js:146:32)
12 verbose stack     at processEmit (C:\Users\Administrator\AppData\Roaming\npm\node_modules\npm\node_modules\npm-registry-client\node_modules\npmlog\node_modules\gauge\node_modules\signal-exit\index.js:146:32)
12 verbose stack     at Signal.wrap.onsignal (internal/process.js:207:44)
13 verbose cwd D:\leon-front\practice\frontBuild
14 error Windows_NT 10.0.10586
15 error argv "C:\\Program Files\\nodejs\\node.exe" "C:\\Users\\Administrator\\AppData\\Roaming\\npm\\node_modules\\npm\\bin\\npm-cli.js" "run" "start"
16 error node v8.1.3
17 error npm  v4.0.5
18 error code ENOSYS
19 error errno ENOSYS
20 error syscall kill
21 error kill ENOSYS
22 error If you need help, you may report this error at:
22 error     <https://github.com/npm/npm/issues>
23 verbose exit [ 1, true ]
